ERROR - 2022-12-08 10:42:05 --> Unknown column 'updated_at' in 'field list'
CRITICAL - 2022-12-08 10:42:05 --> Unknown column 'updated_at' in 'field list'
#0 C:\xampp\htdocs\SchafferAugusto_Final\system\Database\MySQLi\Connection.php(292): mysqli->query('INSERT INTO `Us...', 0)
#1 C:\xampp\htdocs\SchafferAugusto_Final\system\Database\BaseConnection.php(670): CodeIgniter\Database\MySQLi\Connection->execute('INSERT INTO `Us...')
#2 C:\xampp\htdocs\SchafferAugusto_Final\system\Database\BaseConnection.php(598): CodeIgniter\Database\BaseConnection->simpleQuery('INSERT INTO `Us...')
#3 C:\xampp\htdocs\SchafferAugusto_Final\system\Database\BaseBuilder.php(1771): CodeIgniter\Database\BaseConnection->query('INSERT INTO `Us...', Array, false)
#4 C:\xampp\htdocs\SchafferAugusto_Final\system\Model.php(239): CodeIgniter\Database\BaseBuilder->insert()
#5 C:\xampp\htdocs\SchafferAugusto_Final\system\BaseModel.php(738): CodeIgniter\Model->doInsert(Array)
#6 C:\xampp\htdocs\SchafferAugusto_Final\system\Model.php(625): CodeIgniter\BaseModel->insert(Array, false)
#7 C:\xampp\htdocs\SchafferAugusto_Final\system\BaseModel.php(658): CodeIgniter\Model->insert(Array, false)
#8 C:\xampp\htdocs\SchafferAugusto_Final\app\Controllers\Controlador_User.php(32): CodeIgniter\BaseModel->save(Array)
#9 C:\xampp\htdocs\SchafferAugusto_Final\system\CodeIgniter.php(832): App\Controllers\Controlador_User->cargarRegistro()
#10 C:\xampp\htdocs\SchafferAugusto_Final\system\CodeIgniter.php(419): CodeIgniter\CodeIgniter->runController(Object(App\Controllers\Controlador_User))
#11 C:\xampp\htdocs\SchafferAugusto_Final\system\CodeIgniter.php(326): CodeIgniter\CodeIgniter->handleRequest(NULL, Object(Config\Cache), false)
#12 C:\xampp\htdocs\SchafferAugusto_Final\index.php(37): CodeIgniter\CodeIgniter->run()
#13 {main}
ERROR - 2022-12-08 10:42:12 --> Unknown column 'updated_at' in 'field list'
CRITICAL - 2022-12-08 10:42:12 --> Unknown column 'updated_at' in 'field list'
#0 C:\xampp\htdocs\SchafferAugusto_Final\system\Database\MySQLi\Connection.php(292): mysqli->query('INSERT INTO `Us...', 0)
#1 C:\xampp\htdocs\SchafferAugusto_Final\system\Database\BaseConnection.php(670): CodeIgniter\Database\MySQLi\Connection->execute('INSERT INTO `Us...')
#2 C:\xampp\htdocs\SchafferAugusto_Final\system\Database\BaseConnection.php(598): CodeIgniter\Database\BaseConnection->simpleQuery('INSERT INTO `Us...')
#3 C:\xampp\htdocs\SchafferAugusto_Final\system\Database\BaseBuilder.php(1771): CodeIgniter\Database\BaseConnection->query('INSERT INTO `Us...', Array, false)
#4 C:\xampp\htdocs\SchafferAugusto_Final\system\Model.php(239): CodeIgniter\Database\BaseBuilder->insert()
#5 C:\xampp\htdocs\SchafferAugusto_Final\system\BaseModel.php(738): CodeIgniter\Model->doInsert(Array)
#6 C:\xampp\htdocs\SchafferAugusto_Final\system\Model.php(625): CodeIgniter\BaseModel->insert(Array, false)
#7 C:\xampp\htdocs\SchafferAugusto_Final\system\BaseModel.php(658): CodeIgniter\Model->insert(Array, false)
#8 C:\xampp\htdocs\SchafferAugusto_Final\app\Controllers\Controlador_User.php(32): CodeIgniter\BaseModel->save(Array)
#9 C:\xampp\htdocs\SchafferAugusto_Final\system\CodeIgniter.php(832): App\Controllers\Controlador_User->cargarRegistro()
#10 C:\xampp\htdocs\SchafferAugusto_Final\system\CodeIgniter.php(419): CodeIgniter\CodeIgniter->runController(Object(App\Controllers\Controlador_User))
#11 C:\xampp\htdocs\SchafferAugusto_Final\system\CodeIgniter.php(326): CodeIgniter\CodeIgniter->handleRequest(NULL, Object(Config\Cache), false)
#12 C:\xampp\htdocs\SchafferAugusto_Final\index.php(37): CodeIgniter\CodeIgniter->run()
#13 {main}
ERROR - 2022-12-08 10:42:20 --> Unknown column 'updated_at' in 'field list'
CRITICAL - 2022-12-08 10:42:20 --> Unknown column 'updated_at' in 'field list'
#0 C:\xampp\htdocs\SchafferAugusto_Final\system\Database\MySQLi\Connection.php(292): mysqli->query('INSERT INTO `Us...', 0)
#1 C:\xampp\htdocs\SchafferAugusto_Final\system\Database\BaseConnection.php(670): CodeIgniter\Database\MySQLi\Connection->execute('INSERT INTO `Us...')
#2 C:\xampp\htdocs\SchafferAugusto_Final\system\Database\BaseConnection.php(598): CodeIgniter\Database\BaseConnection->simpleQuery('INSERT INTO `Us...')
#3 C:\xampp\htdocs\SchafferAugusto_Final\system\Database\BaseBuilder.php(1771): CodeIgniter\Database\BaseConnection->query('INSERT INTO `Us...', Array, false)
#4 C:\xampp\htdocs\SchafferAugusto_Final\system\Model.php(239): CodeIgniter\Database\BaseBuilder->insert()
#5 C:\xampp\htdocs\SchafferAugusto_Final\system\BaseModel.php(738): CodeIgniter\Model->doInsert(Array)
#6 C:\xampp\htdocs\SchafferAugusto_Final\system\Model.php(625): CodeIgniter\BaseModel->insert(Array, false)
#7 C:\xampp\htdocs\SchafferAugusto_Final\system\BaseModel.php(658): CodeIgniter\Model->insert(Array, false)
#8 C:\xampp\htdocs\SchafferAugusto_Final\app\Controllers\Controlador_User.php(32): CodeIgniter\BaseModel->save(Array)
#9 C:\xampp\htdocs\SchafferAugusto_Final\system\CodeIgniter.php(832): App\Controllers\Controlador_User->cargarRegistro()
#10 C:\xampp\htdocs\SchafferAugusto_Final\system\CodeIgniter.php(419): CodeIgniter\CodeIgniter->runController(Object(App\Controllers\Controlador_User))
#11 C:\xampp\htdocs\SchafferAugusto_Final\system\CodeIgniter.php(326): CodeIgniter\CodeIgniter->handleRequest(NULL, Object(Config\Cache), false)
#12 C:\xampp\htdocs\SchafferAugusto_Final\index.php(37): CodeIgniter\CodeIgniter->run()
#13 {main}
CRITICAL - 2022-12-08 10:48:49 --> Undefined variable: marca
#0 C:\xampp\htdocs\SchafferAugusto_Final\app\Views\Especie\Especie_tabla.php(57): CodeIgniter\Debug\Exceptions->errorHandler(8, 'Undefined varia...', 'C:\\xampp\\htdocs...', 57, Array)
#1 C:\xampp\htdocs\SchafferAugusto_Final\system\View\View.php(210): include('C:\\xampp\\htdocs...')
#2 C:\xampp\htdocs\SchafferAugusto_Final\system\View\View.php(213): CodeIgniter\View\View->CodeIgniter\View\{closure}()
#3 C:\xampp\htdocs\SchafferAugusto_Final\system\Common.php(1089): CodeIgniter\View\View->render('Especie/Especie...', Array, true)
#4 C:\xampp\htdocs\SchafferAugusto_Final\app\Controllers\Especie.php(25): view('Especie/Especie...', Array)
#5 C:\xampp\htdocs\SchafferAugusto_Final\system\CodeIgniter.php(832): App\Controllers\Especie->listarEspecie()
#6 C:\xampp\htdocs\SchafferAugusto_Final\system\CodeIgniter.php(419): CodeIgniter\CodeIgniter->runController(Object(App\Controllers\Especie))
#7 C:\xampp\htdocs\SchafferAugusto_Final\system\CodeIgniter.php(326): CodeIgniter\CodeIgniter->handleRequest(NULL, Object(Config\Cache), false)
#8 C:\xampp\htdocs\SchafferAugusto_Final\index.php(37): CodeIgniter\CodeIgniter->run()
#9 {main}
CRITICAL - 2022-12-08 10:50:03 --> Undefined variable: marca
#0 C:\xampp\htdocs\SchafferAugusto_Final\app\Views\Especie\Especie_tabla.php(57): CodeIgniter\Debug\Exceptions->errorHandler(8, 'Undefined varia...', 'C:\\xampp\\htdocs...', 57, Array)
#1 C:\xampp\htdocs\SchafferAugusto_Final\system\View\View.php(210): include('C:\\xampp\\htdocs...')
#2 C:\xampp\htdocs\SchafferAugusto_Final\system\View\View.php(213): CodeIgniter\View\View->CodeIgniter\View\{closure}()
#3 C:\xampp\htdocs\SchafferAugusto_Final\system\Common.php(1089): CodeIgniter\View\View->render('Especie/Especie...', Array, true)
#4 C:\xampp\htdocs\SchafferAugusto_Final\app\Controllers\Especie.php(25): view('Especie/Especie...', Array)
#5 C:\xampp\htdocs\SchafferAugusto_Final\system\CodeIgniter.php(832): App\Controllers\Especie->listarEspecie()
#6 C:\xampp\htdocs\SchafferAugusto_Final\system\CodeIgniter.php(419): CodeIgniter\CodeIgniter->runController(Object(App\Controllers\Especie))
#7 C:\xampp\htdocs\SchafferAugusto_Final\system\CodeIgniter.php(326): CodeIgniter\CodeIgniter->handleRequest(NULL, Object(Config\Cache), false)
#8 C:\xampp\htdocs\SchafferAugusto_Final\index.php(37): CodeIgniter\CodeIgniter->run()
#9 {main}
CRITICAL - 2022-12-08 10:50:06 --> Undefined variable: marca
#0 C:\xampp\htdocs\SchafferAugusto_Final\app\Views\Especie\Especie_tabla.php(57): CodeIgniter\Debug\Exceptions->errorHandler(8, 'Undefined varia...', 'C:\\xampp\\htdocs...', 57, Array)
#1 C:\xampp\htdocs\SchafferAugusto_Final\system\View\View.php(210): include('C:\\xampp\\htdocs...')
#2 C:\xampp\htdocs\SchafferAugusto_Final\system\View\View.php(213): CodeIgniter\View\View->CodeIgniter\View\{closure}()
#3 C:\xampp\htdocs\SchafferAugusto_Final\system\Common.php(1089): CodeIgniter\View\View->render('Especie/Especie...', Array, true)
#4 C:\xampp\htdocs\SchafferAugusto_Final\app\Controllers\Especie.php(25): view('Especie/Especie...', Array)
#5 C:\xampp\htdocs\SchafferAugusto_Final\system\CodeIgniter.php(832): App\Controllers\Especie->listarEspecie()
#6 C:\xampp\htdocs\SchafferAugusto_Final\system\CodeIgniter.php(419): CodeIgniter\CodeIgniter->runController(Object(App\Controllers\Especie))
#7 C:\xampp\htdocs\SchafferAugusto_Final\system\CodeIgniter.php(326): CodeIgniter\CodeIgniter->handleRequest(NULL, Object(Config\Cache), false)
#8 C:\xampp\htdocs\SchafferAugusto_Final\index.php(37): CodeIgniter\CodeIgniter->run()
#9 {main}
