CRITICAL - 2023-02-23 11:37:38 --> Argument 1 passed to CodeIgniter\Database\BaseResult::getResult() must be of the type string, null given, called in C:\xampp\htdocs\SchafferAugusto_Final\system\Model.php on line 184
#0 C:\xampp\htdocs\SchafferAugusto_Final\system\Model.php(184): CodeIgniter\Database\BaseResult->getResult(NULL)
#1 C:\xampp\htdocs\SchafferAugusto_Final\system\BaseModel.php(584): CodeIgniter\Model->doFindAll(0, 0)
#2 C:\xampp\htdocs\SchafferAugusto_Final\app\Controllers\ListaCatalogo.php(23): CodeIgniter\BaseModel->findAll()
#3 C:\xampp\htdocs\SchafferAugusto_Final\system\CodeIgniter.php(832): App\Controllers\ListaCatalogo->listarProductos()
#4 C:\xampp\htdocs\SchafferAugusto_Final\system\CodeIgniter.php(419): CodeIgniter\CodeIgniter->runController(Object(App\Controllers\ListaCatalogo))
#5 C:\xampp\htdocs\SchafferAugusto_Final\system\CodeIgniter.php(326): CodeIgniter\CodeIgniter->handleRequest(NULL, Object(Config\Cache), false)
#6 C:\xampp\htdocs\SchafferAugusto_Final\index.php(37): CodeIgniter\CodeIgniter->run()
#7 {main}
CRITICAL - 2023-02-23 11:38:08 --> Argument 1 passed to CodeIgniter\Database\BaseResult::getResult() must be of the type string, null given, called in C:\xampp\htdocs\SchafferAugusto_Final\system\Model.php on line 184
#0 C:\xampp\htdocs\SchafferAugusto_Final\system\Model.php(184): CodeIgniter\Database\BaseResult->getResult(NULL)
#1 C:\xampp\htdocs\SchafferAugusto_Final\system\BaseModel.php(584): CodeIgniter\Model->doFindAll(0, 0)
#2 C:\xampp\htdocs\SchafferAugusto_Final\app\Controllers\ListaCatalogo.php(23): CodeIgniter\BaseModel->findAll()
#3 C:\xampp\htdocs\SchafferAugusto_Final\system\CodeIgniter.php(832): App\Controllers\ListaCatalogo->listarProductos()
#4 C:\xampp\htdocs\SchafferAugusto_Final\system\CodeIgniter.php(419): CodeIgniter\CodeIgniter->runController(Object(App\Controllers\ListaCatalogo))
#5 C:\xampp\htdocs\SchafferAugusto_Final\system\CodeIgniter.php(326): CodeIgniter\CodeIgniter->handleRequest(NULL, Object(Config\Cache), false)
#6 C:\xampp\htdocs\SchafferAugusto_Final\index.php(37): CodeIgniter\CodeIgniter->run()
#7 {main}
CRITICAL - 2023-02-23 19:27:42 --> Undefined offset: 0
#0 C:\xampp\htdocs\SchafferAugusto_Final\system\Router\RouteCollection.php(1091): CodeIgniter\Debug\Exceptions->errorHandler(8, 'Undefined offse...', 'C:\\xampp\\htdocs...', 1091, Array)
#1 C:\xampp\htdocs\SchafferAugusto_Final\system\Router\RouteCollection.php(971): CodeIgniter\Router\RouteCollection->fillRouteParams('listaCatalogo/(...', Array)
#2 C:\xampp\htdocs\SchafferAugusto_Final\system\Common.php(882): CodeIgniter\Router\RouteCollection->reverseRoute('catalogo')
#3 C:\xampp\htdocs\SchafferAugusto_Final\app\Views\vista_nav.php(105): route_to('catalogo')
#4 C:\xampp\htdocs\SchafferAugusto_Final\system\View\View.php(210): include('C:\\xampp\\htdocs...')
#5 C:\xampp\htdocs\SchafferAugusto_Final\system\View\View.php(213): CodeIgniter\View\View->CodeIgniter\View\{closure}()
#6 C:\xampp\htdocs\SchafferAugusto_Final\system\Common.php(1089): CodeIgniter\View\View->render('vista_nav', Array, true)
#7 C:\xampp\htdocs\SchafferAugusto_Final\app\Controllers\Home.php(12): view('vista_nav')
#8 C:\xampp\htdocs\SchafferAugusto_Final\system\CodeIgniter.php(832): App\Controllers\Home->index()
#9 C:\xampp\htdocs\SchafferAugusto_Final\system\CodeIgniter.php(419): CodeIgniter\CodeIgniter->runController(Object(App\Controllers\Home))
#10 C:\xampp\htdocs\SchafferAugusto_Final\system\CodeIgniter.php(326): CodeIgniter\CodeIgniter->handleRequest(NULL, Object(Config\Cache), false)
#11 C:\xampp\htdocs\SchafferAugusto_Final\index.php(37): CodeIgniter\CodeIgniter->run()
#12 {main}
CRITICAL - 2023-02-23 19:28:09 --> Undefined offset: 0
#0 C:\xampp\htdocs\SchafferAugusto_Final\system\Router\RouteCollection.php(1091): CodeIgniter\Debug\Exceptions->errorHandler(8, 'Undefined offse...', 'C:\\xampp\\htdocs...', 1091, Array)
#1 C:\xampp\htdocs\SchafferAugusto_Final\system\Router\RouteCollection.php(971): CodeIgniter\Router\RouteCollection->fillRouteParams('listaCatalogo/(...', Array)
#2 C:\xampp\htdocs\SchafferAugusto_Final\system\Common.php(882): CodeIgniter\Router\RouteCollection->reverseRoute('catalogo')
#3 C:\xampp\htdocs\SchafferAugusto_Final\app\Views\vista_nav.php(105): route_to('catalogo')
#4 C:\xampp\htdocs\SchafferAugusto_Final\system\View\View.php(210): include('C:\\xampp\\htdocs...')
#5 C:\xampp\htdocs\SchafferAugusto_Final\system\View\View.php(213): CodeIgniter\View\View->CodeIgniter\View\{closure}()
#6 C:\xampp\htdocs\SchafferAugusto_Final\system\Common.php(1089): CodeIgniter\View\View->render('vista_nav', Array, true)
#7 C:\xampp\htdocs\SchafferAugusto_Final\app\Controllers\Home.php(12): view('vista_nav')
#8 C:\xampp\htdocs\SchafferAugusto_Final\system\CodeIgniter.php(832): App\Controllers\Home->index()
#9 C:\xampp\htdocs\SchafferAugusto_Final\system\CodeIgniter.php(419): CodeIgniter\CodeIgniter->runController(Object(App\Controllers\Home))
#10 C:\xampp\htdocs\SchafferAugusto_Final\system\CodeIgniter.php(326): CodeIgniter\CodeIgniter->handleRequest(NULL, Object(Config\Cache), false)
#11 C:\xampp\htdocs\SchafferAugusto_Final\index.php(37): CodeIgniter\CodeIgniter->run()
#12 {main}
CRITICAL - 2023-02-23 19:29:17 --> Undefined offset: 0
#0 C:\xampp\htdocs\SchafferAugusto_Final\system\Router\RouteCollection.php(1091): CodeIgniter\Debug\Exceptions->errorHandler(8, 'Undefined offse...', 'C:\\xampp\\htdocs...', 1091, Array)
#1 C:\xampp\htdocs\SchafferAugusto_Final\system\Router\RouteCollection.php(971): CodeIgniter\Router\RouteCollection->fillRouteParams('listaCatalogo/(...', Array)
#2 C:\xampp\htdocs\SchafferAugusto_Final\system\Common.php(882): CodeIgniter\Router\RouteCollection->reverseRoute('catalogo')
#3 C:\xampp\htdocs\SchafferAugusto_Final\app\Views\vista_nav.php(105): route_to('catalogo')
#4 C:\xampp\htdocs\SchafferAugusto_Final\system\View\View.php(210): include('C:\\xampp\\htdocs...')
#5 C:\xampp\htdocs\SchafferAugusto_Final\system\View\View.php(213): CodeIgniter\View\View->CodeIgniter\View\{closure}()
#6 C:\xampp\htdocs\SchafferAugusto_Final\system\Common.php(1089): CodeIgniter\View\View->render('vista_nav', Array, true)
#7 C:\xampp\htdocs\SchafferAugusto_Final\app\Controllers\Home.php(12): view('vista_nav')
#8 C:\xampp\htdocs\SchafferAugusto_Final\system\CodeIgniter.php(832): App\Controllers\Home->index()
#9 C:\xampp\htdocs\SchafferAugusto_Final\system\CodeIgniter.php(419): CodeIgniter\CodeIgniter->runController(Object(App\Controllers\Home))
#10 C:\xampp\htdocs\SchafferAugusto_Final\system\CodeIgniter.php(326): CodeIgniter\CodeIgniter->handleRequest(NULL, Object(Config\Cache), false)
#11 C:\xampp\htdocs\SchafferAugusto_Final\index.php(37): CodeIgniter\CodeIgniter->run()
#12 {main}
CRITICAL - 2023-02-23 19:29:25 --> Undefined offset: 0
#0 C:\xampp\htdocs\SchafferAugusto_Final\system\Router\RouteCollection.php(1091): CodeIgniter\Debug\Exceptions->errorHandler(8, 'Undefined offse...', 'C:\\xampp\\htdocs...', 1091, Array)
#1 C:\xampp\htdocs\SchafferAugusto_Final\system\Router\RouteCollection.php(971): CodeIgniter\Router\RouteCollection->fillRouteParams('listaCatalogo/(...', Array)
#2 C:\xampp\htdocs\SchafferAugusto_Final\system\Common.php(882): CodeIgniter\Router\RouteCollection->reverseRoute('catalogo')
#3 C:\xampp\htdocs\SchafferAugusto_Final\app\Views\vista_nav.php(105): route_to('catalogo')
#4 C:\xampp\htdocs\SchafferAugusto_Final\system\View\View.php(210): include('C:\\xampp\\htdocs...')
#5 C:\xampp\htdocs\SchafferAugusto_Final\system\View\View.php(213): CodeIgniter\View\View->CodeIgniter\View\{closure}()
#6 C:\xampp\htdocs\SchafferAugusto_Final\system\Common.php(1089): CodeIgniter\View\View->render('vista_nav', Array, true)
#7 C:\xampp\htdocs\SchafferAugusto_Final\app\Controllers\Home.php(12): view('vista_nav')
#8 C:\xampp\htdocs\SchafferAugusto_Final\system\CodeIgniter.php(832): App\Controllers\Home->index()
#9 C:\xampp\htdocs\SchafferAugusto_Final\system\CodeIgniter.php(419): CodeIgniter\CodeIgniter->runController(Object(App\Controllers\Home))
#10 C:\xampp\htdocs\SchafferAugusto_Final\system\CodeIgniter.php(326): CodeIgniter\CodeIgniter->handleRequest(NULL, Object(Config\Cache), false)
#11 C:\xampp\htdocs\SchafferAugusto_Final\index.php(37): CodeIgniter\CodeIgniter->run()
#12 {main}
CRITICAL - 2023-02-23 19:29:26 --> Undefined offset: 0
#0 C:\xampp\htdocs\SchafferAugusto_Final\system\Router\RouteCollection.php(1091): CodeIgniter\Debug\Exceptions->errorHandler(8, 'Undefined offse...', 'C:\\xampp\\htdocs...', 1091, Array)
#1 C:\xampp\htdocs\SchafferAugusto_Final\system\Router\RouteCollection.php(971): CodeIgniter\Router\RouteCollection->fillRouteParams('listaCatalogo/(...', Array)
#2 C:\xampp\htdocs\SchafferAugusto_Final\system\Common.php(882): CodeIgniter\Router\RouteCollection->reverseRoute('catalogo')
#3 C:\xampp\htdocs\SchafferAugusto_Final\app\Views\vista_nav.php(105): route_to('catalogo')
#4 C:\xampp\htdocs\SchafferAugusto_Final\system\View\View.php(210): include('C:\\xampp\\htdocs...')
#5 C:\xampp\htdocs\SchafferAugusto_Final\system\View\View.php(213): CodeIgniter\View\View->CodeIgniter\View\{closure}()
#6 C:\xampp\htdocs\SchafferAugusto_Final\system\Common.php(1089): CodeIgniter\View\View->render('vista_nav', Array, true)
#7 C:\xampp\htdocs\SchafferAugusto_Final\app\Controllers\Home.php(12): view('vista_nav')
#8 C:\xampp\htdocs\SchafferAugusto_Final\system\CodeIgniter.php(832): App\Controllers\Home->index()
#9 C:\xampp\htdocs\SchafferAugusto_Final\system\CodeIgniter.php(419): CodeIgniter\CodeIgniter->runController(Object(App\Controllers\Home))
#10 C:\xampp\htdocs\SchafferAugusto_Final\system\CodeIgniter.php(326): CodeIgniter\CodeIgniter->handleRequest(NULL, Object(Config\Cache), false)
#11 C:\xampp\htdocs\SchafferAugusto_Final\index.php(37): CodeIgniter\CodeIgniter->run()
#12 {main}
CRITICAL - 2023-02-23 19:31:55 --> Undefined offset: 0
#0 C:\xampp\htdocs\SchafferAugusto_Final\system\Router\RouteCollection.php(1091): CodeIgniter\Debug\Exceptions->errorHandler(8, 'Undefined offse...', 'C:\\xampp\\htdocs...', 1091, Array)
#1 C:\xampp\htdocs\SchafferAugusto_Final\system\Router\RouteCollection.php(971): CodeIgniter\Router\RouteCollection->fillRouteParams('listaCatalogo/(...', Array)
#2 C:\xampp\htdocs\SchafferAugusto_Final\system\Common.php(882): CodeIgniter\Router\RouteCollection->reverseRoute('catalogo')
#3 C:\xampp\htdocs\SchafferAugusto_Final\app\Views\vista_nav.php(105): route_to('catalogo')
#4 C:\xampp\htdocs\SchafferAugusto_Final\system\View\View.php(210): include('C:\\xampp\\htdocs...')
#5 C:\xampp\htdocs\SchafferAugusto_Final\system\View\View.php(213): CodeIgniter\View\View->CodeIgniter\View\{closure}()
#6 C:\xampp\htdocs\SchafferAugusto_Final\system\Common.php(1089): CodeIgniter\View\View->render('vista_nav', Array, true)
#7 C:\xampp\htdocs\SchafferAugusto_Final\app\Controllers\Home.php(12): view('vista_nav')
#8 C:\xampp\htdocs\SchafferAugusto_Final\system\CodeIgniter.php(832): App\Controllers\Home->index()
#9 C:\xampp\htdocs\SchafferAugusto_Final\system\CodeIgniter.php(419): CodeIgniter\CodeIgniter->runController(Object(App\Controllers\Home))
#10 C:\xampp\htdocs\SchafferAugusto_Final\system\CodeIgniter.php(326): CodeIgniter\CodeIgniter->handleRequest(NULL, Object(Config\Cache), false)
#11 C:\xampp\htdocs\SchafferAugusto_Final\index.php(37): CodeIgniter\CodeIgniter->run()
#12 {main}
CRITICAL - 2023-02-23 19:34:36 --> Undefined offset: 0
#0 C:\xampp\htdocs\SchafferAugusto_Final\system\Router\RouteCollection.php(1091): CodeIgniter\Debug\Exceptions->errorHandler(8, 'Undefined offse...', 'C:\\xampp\\htdocs...', 1091, Array)
#1 C:\xampp\htdocs\SchafferAugusto_Final\system\Router\RouteCollection.php(971): CodeIgniter\Router\RouteCollection->fillRouteParams('listaCatalogo/(...', Array)
#2 C:\xampp\htdocs\SchafferAugusto_Final\system\Common.php(882): CodeIgniter\Router\RouteCollection->reverseRoute('catalogo')
#3 C:\xampp\htdocs\SchafferAugusto_Final\app\Views\vista_nav.php(105): route_to('catalogo')
#4 C:\xampp\htdocs\SchafferAugusto_Final\system\View\View.php(210): include('C:\\xampp\\htdocs...')
#5 C:\xampp\htdocs\SchafferAugusto_Final\system\View\View.php(213): CodeIgniter\View\View->CodeIgniter\View\{closure}()
#6 C:\xampp\htdocs\SchafferAugusto_Final\system\Common.php(1089): CodeIgniter\View\View->render('vista_nav', Array, true)
#7 C:\xampp\htdocs\SchafferAugusto_Final\app\Controllers\Home.php(12): view('vista_nav')
#8 C:\xampp\htdocs\SchafferAugusto_Final\system\CodeIgniter.php(832): App\Controllers\Home->index()
#9 C:\xampp\htdocs\SchafferAugusto_Final\system\CodeIgniter.php(419): CodeIgniter\CodeIgniter->runController(Object(App\Controllers\Home))
#10 C:\xampp\htdocs\SchafferAugusto_Final\system\CodeIgniter.php(326): CodeIgniter\CodeIgniter->handleRequest(NULL, Object(Config\Cache), false)
#11 C:\xampp\htdocs\SchafferAugusto_Final\index.php(37): CodeIgniter\CodeIgniter->run()
#12 {main}
CRITICAL - 2023-02-23 19:34:37 --> Undefined offset: 0
#0 C:\xampp\htdocs\SchafferAugusto_Final\system\Router\RouteCollection.php(1091): CodeIgniter\Debug\Exceptions->errorHandler(8, 'Undefined offse...', 'C:\\xampp\\htdocs...', 1091, Array)
#1 C:\xampp\htdocs\SchafferAugusto_Final\system\Router\RouteCollection.php(971): CodeIgniter\Router\RouteCollection->fillRouteParams('listaCatalogo/(...', Array)
#2 C:\xampp\htdocs\SchafferAugusto_Final\system\Common.php(882): CodeIgniter\Router\RouteCollection->reverseRoute('catalogo')
#3 C:\xampp\htdocs\SchafferAugusto_Final\app\Views\vista_nav.php(105): route_to('catalogo')
#4 C:\xampp\htdocs\SchafferAugusto_Final\system\View\View.php(210): include('C:\\xampp\\htdocs...')
#5 C:\xampp\htdocs\SchafferAugusto_Final\system\View\View.php(213): CodeIgniter\View\View->CodeIgniter\View\{closure}()
#6 C:\xampp\htdocs\SchafferAugusto_Final\system\Common.php(1089): CodeIgniter\View\View->render('vista_nav', Array, true)
#7 C:\xampp\htdocs\SchafferAugusto_Final\app\Controllers\Home.php(12): view('vista_nav')
#8 C:\xampp\htdocs\SchafferAugusto_Final\system\CodeIgniter.php(832): App\Controllers\Home->index()
#9 C:\xampp\htdocs\SchafferAugusto_Final\system\CodeIgniter.php(419): CodeIgniter\CodeIgniter->runController(Object(App\Controllers\Home))
#10 C:\xampp\htdocs\SchafferAugusto_Final\system\CodeIgniter.php(326): CodeIgniter\CodeIgniter->handleRequest(NULL, Object(Config\Cache), false)
#11 C:\xampp\htdocs\SchafferAugusto_Final\index.php(37): CodeIgniter\CodeIgniter->run()
#12 {main}
CRITICAL - 2023-02-23 19:34:38 --> Undefined offset: 0
#0 C:\xampp\htdocs\SchafferAugusto_Final\system\Router\RouteCollection.php(1091): CodeIgniter\Debug\Exceptions->errorHandler(8, 'Undefined offse...', 'C:\\xampp\\htdocs...', 1091, Array)
#1 C:\xampp\htdocs\SchafferAugusto_Final\system\Router\RouteCollection.php(971): CodeIgniter\Router\RouteCollection->fillRouteParams('listaCatalogo/(...', Array)
#2 C:\xampp\htdocs\SchafferAugusto_Final\system\Common.php(882): CodeIgniter\Router\RouteCollection->reverseRoute('catalogo')
#3 C:\xampp\htdocs\SchafferAugusto_Final\app\Views\vista_nav.php(105): route_to('catalogo')
#4 C:\xampp\htdocs\SchafferAugusto_Final\system\View\View.php(210): include('C:\\xampp\\htdocs...')
#5 C:\xampp\htdocs\SchafferAugusto_Final\system\View\View.php(213): CodeIgniter\View\View->CodeIgniter\View\{closure}()
#6 C:\xampp\htdocs\SchafferAugusto_Final\system\Common.php(1089): CodeIgniter\View\View->render('vista_nav', Array, true)
#7 C:\xampp\htdocs\SchafferAugusto_Final\app\Controllers\Home.php(12): view('vista_nav')
#8 C:\xampp\htdocs\SchafferAugusto_Final\system\CodeIgniter.php(832): App\Controllers\Home->index()
#9 C:\xampp\htdocs\SchafferAugusto_Final\system\CodeIgniter.php(419): CodeIgniter\CodeIgniter->runController(Object(App\Controllers\Home))
#10 C:\xampp\htdocs\SchafferAugusto_Final\system\CodeIgniter.php(326): CodeIgniter\CodeIgniter->handleRequest(NULL, Object(Config\Cache), false)
#11 C:\xampp\htdocs\SchafferAugusto_Final\index.php(37): CodeIgniter\CodeIgniter->run()
#12 {main}
CRITICAL - 2023-02-23 19:34:38 --> Undefined offset: 0
#0 C:\xampp\htdocs\SchafferAugusto_Final\system\Router\RouteCollection.php(1091): CodeIgniter\Debug\Exceptions->errorHandler(8, 'Undefined offse...', 'C:\\xampp\\htdocs...', 1091, Array)
#1 C:\xampp\htdocs\SchafferAugusto_Final\system\Router\RouteCollection.php(971): CodeIgniter\Router\RouteCollection->fillRouteParams('listaCatalogo/(...', Array)
#2 C:\xampp\htdocs\SchafferAugusto_Final\system\Common.php(882): CodeIgniter\Router\RouteCollection->reverseRoute('catalogo')
#3 C:\xampp\htdocs\SchafferAugusto_Final\app\Views\vista_nav.php(105): route_to('catalogo')
#4 C:\xampp\htdocs\SchafferAugusto_Final\system\View\View.php(210): include('C:\\xampp\\htdocs...')
#5 C:\xampp\htdocs\SchafferAugusto_Final\system\View\View.php(213): CodeIgniter\View\View->CodeIgniter\View\{closure}()
#6 C:\xampp\htdocs\SchafferAugusto_Final\system\Common.php(1089): CodeIgniter\View\View->render('vista_nav', Array, true)
#7 C:\xampp\htdocs\SchafferAugusto_Final\app\Controllers\Home.php(12): view('vista_nav')
#8 C:\xampp\htdocs\SchafferAugusto_Final\system\CodeIgniter.php(832): App\Controllers\Home->index()
#9 C:\xampp\htdocs\SchafferAugusto_Final\system\CodeIgniter.php(419): CodeIgniter\CodeIgniter->runController(Object(App\Controllers\Home))
#10 C:\xampp\htdocs\SchafferAugusto_Final\system\CodeIgniter.php(326): CodeIgniter\CodeIgniter->handleRequest(NULL, Object(Config\Cache), false)
#11 C:\xampp\htdocs\SchafferAugusto_Final\index.php(37): CodeIgniter\CodeIgniter->run()
#12 {main}
CRITICAL - 2023-02-23 19:34:39 --> Undefined offset: 0
#0 C:\xampp\htdocs\SchafferAugusto_Final\system\Router\RouteCollection.php(1091): CodeIgniter\Debug\Exceptions->errorHandler(8, 'Undefined offse...', 'C:\\xampp\\htdocs...', 1091, Array)
#1 C:\xampp\htdocs\SchafferAugusto_Final\system\Router\RouteCollection.php(971): CodeIgniter\Router\RouteCollection->fillRouteParams('listaCatalogo/(...', Array)
#2 C:\xampp\htdocs\SchafferAugusto_Final\system\Common.php(882): CodeIgniter\Router\RouteCollection->reverseRoute('catalogo')
#3 C:\xampp\htdocs\SchafferAugusto_Final\app\Views\vista_nav.php(105): route_to('catalogo')
#4 C:\xampp\htdocs\SchafferAugusto_Final\system\View\View.php(210): include('C:\\xampp\\htdocs...')
#5 C:\xampp\htdocs\SchafferAugusto_Final\system\View\View.php(213): CodeIgniter\View\View->CodeIgniter\View\{closure}()
#6 C:\xampp\htdocs\SchafferAugusto_Final\system\Common.php(1089): CodeIgniter\View\View->render('vista_nav', Array, true)
#7 C:\xampp\htdocs\SchafferAugusto_Final\app\Controllers\Home.php(12): view('vista_nav')
#8 C:\xampp\htdocs\SchafferAugusto_Final\system\CodeIgniter.php(832): App\Controllers\Home->index()
#9 C:\xampp\htdocs\SchafferAugusto_Final\system\CodeIgniter.php(419): CodeIgniter\CodeIgniter->runController(Object(App\Controllers\Home))
#10 C:\xampp\htdocs\SchafferAugusto_Final\system\CodeIgniter.php(326): CodeIgniter\CodeIgniter->handleRequest(NULL, Object(Config\Cache), false)
#11 C:\xampp\htdocs\SchafferAugusto_Final\index.php(37): CodeIgniter\CodeIgniter->run()
#12 {main}
CRITICAL - 2023-02-23 19:34:42 --> Undefined offset: 0
#0 C:\xampp\htdocs\SchafferAugusto_Final\system\Router\RouteCollection.php(1091): CodeIgniter\Debug\Exceptions->errorHandler(8, 'Undefined offse...', 'C:\\xampp\\htdocs...', 1091, Array)
#1 C:\xampp\htdocs\SchafferAugusto_Final\system\Router\RouteCollection.php(971): CodeIgniter\Router\RouteCollection->fillRouteParams('listaCatalogo/(...', Array)
#2 C:\xampp\htdocs\SchafferAugusto_Final\system\Common.php(882): CodeIgniter\Router\RouteCollection->reverseRoute('catalogo')
#3 C:\xampp\htdocs\SchafferAugusto_Final\app\Views\vista_nav.php(105): route_to('catalogo')
#4 C:\xampp\htdocs\SchafferAugusto_Final\system\View\View.php(210): include('C:\\xampp\\htdocs...')
#5 C:\xampp\htdocs\SchafferAugusto_Final\system\View\View.php(213): CodeIgniter\View\View->CodeIgniter\View\{closure}()
#6 C:\xampp\htdocs\SchafferAugusto_Final\system\Common.php(1089): CodeIgniter\View\View->render('vista_nav', Array, true)
#7 C:\xampp\htdocs\SchafferAugusto_Final\app\Controllers\Home.php(39): view('vista_nav')
#8 C:\xampp\htdocs\SchafferAugusto_Final\system\CodeIgniter.php(832): App\Controllers\Home->comercializacion()
#9 C:\xampp\htdocs\SchafferAugusto_Final\system\CodeIgniter.php(419): CodeIgniter\CodeIgniter->runController(Object(App\Controllers\Home))
#10 C:\xampp\htdocs\SchafferAugusto_Final\system\CodeIgniter.php(326): CodeIgniter\CodeIgniter->handleRequest(NULL, Object(Config\Cache), false)
#11 C:\xampp\htdocs\SchafferAugusto_Final\index.php(37): CodeIgniter\CodeIgniter->run()
#12 {main}
CRITICAL - 2023-02-23 19:34:45 --> Undefined offset: 0
#0 C:\xampp\htdocs\SchafferAugusto_Final\system\Router\RouteCollection.php(1091): CodeIgniter\Debug\Exceptions->errorHandler(8, 'Undefined offse...', 'C:\\xampp\\htdocs...', 1091, Array)
#1 C:\xampp\htdocs\SchafferAugusto_Final\system\Router\RouteCollection.php(971): CodeIgniter\Router\RouteCollection->fillRouteParams('listaCatalogo/(...', Array)
#2 C:\xampp\htdocs\SchafferAugusto_Final\system\Common.php(882): CodeIgniter\Router\RouteCollection->reverseRoute('catalogo')
#3 C:\xampp\htdocs\SchafferAugusto_Final\app\Views\vista_nav.php(105): route_to('catalogo')
#4 C:\xampp\htdocs\SchafferAugusto_Final\system\View\View.php(210): include('C:\\xampp\\htdocs...')
#5 C:\xampp\htdocs\SchafferAugusto_Final\system\View\View.php(213): CodeIgniter\View\View->CodeIgniter\View\{closure}()
#6 C:\xampp\htdocs\SchafferAugusto_Final\system\Common.php(1089): CodeIgniter\View\View->render('vista_nav', Array, true)
#7 C:\xampp\htdocs\SchafferAugusto_Final\app\Controllers\Home.php(21): view('vista_nav')
#8 C:\xampp\htdocs\SchafferAugusto_Final\system\CodeIgniter.php(832): App\Controllers\Home->contacto()
#9 C:\xampp\htdocs\SchafferAugusto_Final\system\CodeIgniter.php(419): CodeIgniter\CodeIgniter->runController(Object(App\Controllers\Home))
#10 C:\xampp\htdocs\SchafferAugusto_Final\system\CodeIgniter.php(326): CodeIgniter\CodeIgniter->handleRequest(NULL, Object(Config\Cache), false)
#11 C:\xampp\htdocs\SchafferAugusto_Final\index.php(37): CodeIgniter\CodeIgniter->run()
#12 {main}
CRITICAL - 2023-02-23 19:34:47 --> Undefined offset: 0
#0 C:\xampp\htdocs\SchafferAugusto_Final\system\Router\RouteCollection.php(1091): CodeIgniter\Debug\Exceptions->errorHandler(8, 'Undefined offse...', 'C:\\xampp\\htdocs...', 1091, Array)
#1 C:\xampp\htdocs\SchafferAugusto_Final\system\Router\RouteCollection.php(971): CodeIgniter\Router\RouteCollection->fillRouteParams('listaCatalogo/(...', Array)
#2 C:\xampp\htdocs\SchafferAugusto_Final\system\Common.php(882): CodeIgniter\Router\RouteCollection->reverseRoute('catalogo')
#3 C:\xampp\htdocs\SchafferAugusto_Final\app\Views\vista_nav.php(105): route_to('catalogo')
#4 C:\xampp\htdocs\SchafferAugusto_Final\system\View\View.php(210): include('C:\\xampp\\htdocs...')
#5 C:\xampp\htdocs\SchafferAugusto_Final\system\View\View.php(213): CodeIgniter\View\View->CodeIgniter\View\{closure}()
#6 C:\xampp\htdocs\SchafferAugusto_Final\system\Common.php(1089): CodeIgniter\View\View->render('vista_nav', Array, true)
#7 C:\xampp\htdocs\SchafferAugusto_Final\app\Controllers\Home.php(30): view('vista_nav')
#8 C:\xampp\htdocs\SchafferAugusto_Final\system\CodeIgniter.php(832): App\Controllers\Home->quienes()
#9 C:\xampp\htdocs\SchafferAugusto_Final\system\CodeIgniter.php(419): CodeIgniter\CodeIgniter->runController(Object(App\Controllers\Home))
#10 C:\xampp\htdocs\SchafferAugusto_Final\system\CodeIgniter.php(326): CodeIgniter\CodeIgniter->handleRequest(NULL, Object(Config\Cache), false)
#11 C:\xampp\htdocs\SchafferAugusto_Final\index.php(37): CodeIgniter\CodeIgniter->run()
#12 {main}
CRITICAL - 2023-02-23 19:38:02 --> Undefined offset: 0
#0 C:\xampp\htdocs\SchafferAugusto_Final\system\Router\RouteCollection.php(1091): CodeIgniter\Debug\Exceptions->errorHandler(8, 'Undefined offse...', 'C:\\xampp\\htdocs...', 1091, Array)
#1 C:\xampp\htdocs\SchafferAugusto_Final\system\Router\RouteCollection.php(971): CodeIgniter\Router\RouteCollection->fillRouteParams('listaCatalogo/(...', Array)
#2 C:\xampp\htdocs\SchafferAugusto_Final\system\Common.php(882): CodeIgniter\Router\RouteCollection->reverseRoute('catalogo')
#3 C:\xampp\htdocs\SchafferAugusto_Final\app\Views\vista_nav.php(105): route_to('catalogo')
#4 C:\xampp\htdocs\SchafferAugusto_Final\system\View\View.php(210): include('C:\\xampp\\htdocs...')
#5 C:\xampp\htdocs\SchafferAugusto_Final\system\View\View.php(213): CodeIgniter\View\View->CodeIgniter\View\{closure}()
#6 C:\xampp\htdocs\SchafferAugusto_Final\system\Common.php(1089): CodeIgniter\View\View->render('vista_nav', Array, true)
#7 C:\xampp\htdocs\SchafferAugusto_Final\app\Controllers\Home.php(30): view('vista_nav')
#8 C:\xampp\htdocs\SchafferAugusto_Final\system\CodeIgniter.php(832): App\Controllers\Home->quienes()
#9 C:\xampp\htdocs\SchafferAugusto_Final\system\CodeIgniter.php(419): CodeIgniter\CodeIgniter->runController(Object(App\Controllers\Home))
#10 C:\xampp\htdocs\SchafferAugusto_Final\system\CodeIgniter.php(326): CodeIgniter\CodeIgniter->handleRequest(NULL, Object(Config\Cache), false)
#11 C:\xampp\htdocs\SchafferAugusto_Final\index.php(37): CodeIgniter\CodeIgniter->run()
#12 {main}
CRITICAL - 2023-02-23 19:38:30 --> Undefined offset: 0
#0 C:\xampp\htdocs\SchafferAugusto_Final\system\Router\RouteCollection.php(1091): CodeIgniter\Debug\Exceptions->errorHandler(8, 'Undefined offse...', 'C:\\xampp\\htdocs...', 1091, Array)
#1 C:\xampp\htdocs\SchafferAugusto_Final\system\Router\RouteCollection.php(971): CodeIgniter\Router\RouteCollection->fillRouteParams('listaCatalogo/(...', Array)
#2 C:\xampp\htdocs\SchafferAugusto_Final\system\Common.php(882): CodeIgniter\Router\RouteCollection->reverseRoute('catalogo')
#3 C:\xampp\htdocs\SchafferAugusto_Final\app\Views\vista_nav.php(105): route_to('catalogo')
#4 C:\xampp\htdocs\SchafferAugusto_Final\system\View\View.php(210): include('C:\\xampp\\htdocs...')
#5 C:\xampp\htdocs\SchafferAugusto_Final\system\View\View.php(213): CodeIgniter\View\View->CodeIgniter\View\{closure}()
#6 C:\xampp\htdocs\SchafferAugusto_Final\system\Common.php(1089): CodeIgniter\View\View->render('vista_nav', Array, true)
#7 C:\xampp\htdocs\SchafferAugusto_Final\app\Controllers\Home.php(30): view('vista_nav')
#8 C:\xampp\htdocs\SchafferAugusto_Final\system\CodeIgniter.php(832): App\Controllers\Home->quienes()
#9 C:\xampp\htdocs\SchafferAugusto_Final\system\CodeIgniter.php(419): CodeIgniter\CodeIgniter->runController(Object(App\Controllers\Home))
#10 C:\xampp\htdocs\SchafferAugusto_Final\system\CodeIgniter.php(326): CodeIgniter\CodeIgniter->handleRequest(NULL, Object(Config\Cache), false)
#11 C:\xampp\htdocs\SchafferAugusto_Final\index.php(37): CodeIgniter\CodeIgniter->run()
#12 {main}
CRITICAL - 2023-02-23 19:39:06 --> Undefined offset: 0
#0 C:\xampp\htdocs\SchafferAugusto_Final\system\Router\RouteCollection.php(1091): CodeIgniter\Debug\Exceptions->errorHandler(8, 'Undefined offse...', 'C:\\xampp\\htdocs...', 1091, Array)
#1 C:\xampp\htdocs\SchafferAugusto_Final\system\Router\RouteCollection.php(971): CodeIgniter\Router\RouteCollection->fillRouteParams('listaCatalogo/(...', Array)
#2 C:\xampp\htdocs\SchafferAugusto_Final\system\Common.php(882): CodeIgniter\Router\RouteCollection->reverseRoute('catalogo')
#3 C:\xampp\htdocs\SchafferAugusto_Final\app\Views\vista_nav.php(105): route_to('catalogo')
#4 C:\xampp\htdocs\SchafferAugusto_Final\system\View\View.php(210): include('C:\\xampp\\htdocs...')
#5 C:\xampp\htdocs\SchafferAugusto_Final\system\View\View.php(213): CodeIgniter\View\View->CodeIgniter\View\{closure}()
#6 C:\xampp\htdocs\SchafferAugusto_Final\system\Common.php(1089): CodeIgniter\View\View->render('vista_nav', Array, true)
#7 C:\xampp\htdocs\SchafferAugusto_Final\app\Controllers\Home.php(12): view('vista_nav')
#8 C:\xampp\htdocs\SchafferAugusto_Final\system\CodeIgniter.php(832): App\Controllers\Home->index()
#9 C:\xampp\htdocs\SchafferAugusto_Final\system\CodeIgniter.php(419): CodeIgniter\CodeIgniter->runController(Object(App\Controllers\Home))
#10 C:\xampp\htdocs\SchafferAugusto_Final\system\CodeIgniter.php(326): CodeIgniter\CodeIgniter->handleRequest(NULL, Object(Config\Cache), false)
#11 C:\xampp\htdocs\SchafferAugusto_Final\index.php(37): CodeIgniter\CodeIgniter->run()
#12 {main}
CRITICAL - 2023-02-23 19:41:12 --> Undefined offset: 0
#0 C:\xampp\htdocs\SchafferAugusto_Final\system\Router\RouteCollection.php(1091): CodeIgniter\Debug\Exceptions->errorHandler(8, 'Undefined offse...', 'C:\\xampp\\htdocs...', 1091, Array)
#1 C:\xampp\htdocs\SchafferAugusto_Final\system\Router\RouteCollection.php(971): CodeIgniter\Router\RouteCollection->fillRouteParams('listaCatalogo/(...', Array)
#2 C:\xampp\htdocs\SchafferAugusto_Final\system\Common.php(882): CodeIgniter\Router\RouteCollection->reverseRoute('catalogo')
#3 C:\xampp\htdocs\SchafferAugusto_Final\app\Views\vista_nav.php(105): route_to('catalogo')
#4 C:\xampp\htdocs\SchafferAugusto_Final\system\View\View.php(210): include('C:\\xampp\\htdocs...')
#5 C:\xampp\htdocs\SchafferAugusto_Final\system\View\View.php(213): CodeIgniter\View\View->CodeIgniter\View\{closure}()
#6 C:\xampp\htdocs\SchafferAugusto_Final\system\Common.php(1089): CodeIgniter\View\View->render('vista_nav', Array, true)
#7 C:\xampp\htdocs\SchafferAugusto_Final\app\Controllers\Home.php(12): view('vista_nav')
#8 C:\xampp\htdocs\SchafferAugusto_Final\system\CodeIgniter.php(832): App\Controllers\Home->index()
#9 C:\xampp\htdocs\SchafferAugusto_Final\system\CodeIgniter.php(419): CodeIgniter\CodeIgniter->runController(Object(App\Controllers\Home))
#10 C:\xampp\htdocs\SchafferAugusto_Final\system\CodeIgniter.php(326): CodeIgniter\CodeIgniter->handleRequest(NULL, Object(Config\Cache), false)
#11 C:\xampp\htdocs\SchafferAugusto_Final\index.php(37): CodeIgniter\CodeIgniter->run()
#12 {main}
CRITICAL - 2023-02-23 19:41:15 --> Undefined offset: 0
#0 C:\xampp\htdocs\SchafferAugusto_Final\system\Router\RouteCollection.php(1091): CodeIgniter\Debug\Exceptions->errorHandler(8, 'Undefined offse...', 'C:\\xampp\\htdocs...', 1091, Array)
#1 C:\xampp\htdocs\SchafferAugusto_Final\system\Router\RouteCollection.php(971): CodeIgniter\Router\RouteCollection->fillRouteParams('listaCatalogo/(...', Array)
#2 C:\xampp\htdocs\SchafferAugusto_Final\system\Common.php(882): CodeIgniter\Router\RouteCollection->reverseRoute('catalogo')
#3 C:\xampp\htdocs\SchafferAugusto_Final\app\Views\vista_nav.php(105): route_to('catalogo')
#4 C:\xampp\htdocs\SchafferAugusto_Final\system\View\View.php(210): include('C:\\xampp\\htdocs...')
#5 C:\xampp\htdocs\SchafferAugusto_Final\system\View\View.php(213): CodeIgniter\View\View->CodeIgniter\View\{closure}()
#6 C:\xampp\htdocs\SchafferAugusto_Final\system\Common.php(1089): CodeIgniter\View\View->render('vista_nav', Array, true)
#7 C:\xampp\htdocs\SchafferAugusto_Final\app\Controllers\Home.php(12): view('vista_nav')
#8 C:\xampp\htdocs\SchafferAugusto_Final\system\CodeIgniter.php(832): App\Controllers\Home->index()
#9 C:\xampp\htdocs\SchafferAugusto_Final\system\CodeIgniter.php(419): CodeIgniter\CodeIgniter->runController(Object(App\Controllers\Home))
#10 C:\xampp\htdocs\SchafferAugusto_Final\system\CodeIgniter.php(326): CodeIgniter\CodeIgniter->handleRequest(NULL, Object(Config\Cache), false)
#11 C:\xampp\htdocs\SchafferAugusto_Final\index.php(37): CodeIgniter\CodeIgniter->run()
#12 {main}
CRITICAL - 2023-02-23 19:41:27 --> Undefined offset: 0
#0 C:\xampp\htdocs\SchafferAugusto_Final\system\Router\RouteCollection.php(1091): CodeIgniter\Debug\Exceptions->errorHandler(8, 'Undefined offse...', 'C:\\xampp\\htdocs...', 1091, Array)
#1 C:\xampp\htdocs\SchafferAugusto_Final\system\Router\RouteCollection.php(971): CodeIgniter\Router\RouteCollection->fillRouteParams('listaCatalogo/(...', Array)
#2 C:\xampp\htdocs\SchafferAugusto_Final\system\Common.php(882): CodeIgniter\Router\RouteCollection->reverseRoute('catalogo')
#3 C:\xampp\htdocs\SchafferAugusto_Final\app\Views\vista_nav.php(105): route_to('catalogo')
#4 C:\xampp\htdocs\SchafferAugusto_Final\system\View\View.php(210): include('C:\\xampp\\htdocs...')
#5 C:\xampp\htdocs\SchafferAugusto_Final\system\View\View.php(213): CodeIgniter\View\View->CodeIgniter\View\{closure}()
#6 C:\xampp\htdocs\SchafferAugusto_Final\system\Common.php(1089): CodeIgniter\View\View->render('vista_nav', Array, true)
#7 C:\xampp\htdocs\SchafferAugusto_Final\app\Controllers\Home.php(12): view('vista_nav')
#8 C:\xampp\htdocs\SchafferAugusto_Final\system\CodeIgniter.php(832): App\Controllers\Home->index()
#9 C:\xampp\htdocs\SchafferAugusto_Final\system\CodeIgniter.php(419): CodeIgniter\CodeIgniter->runController(Object(App\Controllers\Home))
#10 C:\xampp\htdocs\SchafferAugusto_Final\system\CodeIgniter.php(326): CodeIgniter\CodeIgniter->handleRequest(NULL, Object(Config\Cache), false)
#11 C:\xampp\htdocs\SchafferAugusto_Final\index.php(37): CodeIgniter\CodeIgniter->run()
#12 {main}
CRITICAL - 2023-02-23 21:26:10 --> Undefined variable: numeroSql
#0 C:\xampp\htdocs\SchafferAugusto_Final\app\Views\Usuarios\tablaUsers.php(65): CodeIgniter\Debug\Exceptions->errorHandler(8, 'Undefined varia...', 'C:\\xampp\\htdocs...', 65, Array)
#1 C:\xampp\htdocs\SchafferAugusto_Final\system\View\View.php(210): include('C:\\xampp\\htdocs...')
#2 C:\xampp\htdocs\SchafferAugusto_Final\system\View\View.php(213): CodeIgniter\View\View->CodeIgniter\View\{closure}()
#3 C:\xampp\htdocs\SchafferAugusto_Final\system\Common.php(1089): CodeIgniter\View\View->render('Usuarios/tablaU...', Array, true)
#4 C:\xampp\htdocs\SchafferAugusto_Final\app\Controllers\Controlador_User.php(66): view('Usuarios/tablaU...', Array)
#5 C:\xampp\htdocs\SchafferAugusto_Final\system\CodeIgniter.php(832): App\Controllers\Controlador_User->listadoUsuarios()
#6 C:\xampp\htdocs\SchafferAugusto_Final\system\CodeIgniter.php(419): CodeIgniter\CodeIgniter->runController(Object(App\Controllers\Controlador_User))
#7 C:\xampp\htdocs\SchafferAugusto_Final\system\CodeIgniter.php(326): CodeIgniter\CodeIgniter->handleRequest(NULL, Object(Config\Cache), false)
#8 C:\xampp\htdocs\SchafferAugusto_Final\index.php(37): CodeIgniter\CodeIgniter->run()
#9 {main}
ERROR - 2023-02-23 22:01:42 --> Unknown column 'us_Apelldio' in 'where clause'
CRITICAL - 2023-02-23 22:01:42 --> Unknown column 'us_Apelldio' in 'where clause'
#0 C:\xampp\htdocs\SchafferAugusto_Final\system\Database\MySQLi\Connection.php(292): mysqli->query('SELECT *\nFROM `...', 0)
#1 C:\xampp\htdocs\SchafferAugusto_Final\system\Database\BaseConnection.php(670): CodeIgniter\Database\MySQLi\Connection->execute('SELECT *\nFROM `...')
#2 C:\xampp\htdocs\SchafferAugusto_Final\system\Database\BaseConnection.php(598): CodeIgniter\Database\BaseConnection->simpleQuery('SELECT *\nFROM `...')
#3 C:\xampp\htdocs\SchafferAugusto_Final\system\Database\BaseBuilder.php(1455): CodeIgniter\Database\BaseConnection->query('SELECT *\nFROM `...', Array, false)
#4 C:\xampp\htdocs\SchafferAugusto_Final\app\Models\User_Registro.php(89): CodeIgniter\Database\BaseBuilder->get()
#5 C:\xampp\htdocs\SchafferAugusto_Final\app\Controllers\Controlador_User.php(80): App\Models\User_Registro->buscarUsuarios('augusto')
#6 C:\xampp\htdocs\SchafferAugusto_Final\system\CodeIgniter.php(832): App\Controllers\Controlador_User->buscarUsuarios()
#7 C:\xampp\htdocs\SchafferAugusto_Final\system\CodeIgniter.php(419): CodeIgniter\CodeIgniter->runController(Object(App\Controllers\Controlador_User))
#8 C:\xampp\htdocs\SchafferAugusto_Final\system\CodeIgniter.php(326): CodeIgniter\CodeIgniter->handleRequest(NULL, Object(Config\Cache), false)
#9 C:\xampp\htdocs\SchafferAugusto_Final\index.php(37): CodeIgniter\CodeIgniter->run()
#10 {main}
CRITICAL - 2023-02-23 22:02:27 --> Cannot use object of type stdClass as array
#0 C:\xampp\htdocs\SchafferAugusto_Final\system\View\View.php(210): include()
#1 C:\xampp\htdocs\SchafferAugusto_Final\system\View\View.php(213): CodeIgniter\View\View->CodeIgniter\View\{closure}()
#2 C:\xampp\htdocs\SchafferAugusto_Final\system\Common.php(1089): CodeIgniter\View\View->render('Usuarios/tablaU...', Array, true)
#3 C:\xampp\htdocs\SchafferAugusto_Final\app\Controllers\Controlador_User.php(91): view('Usuarios/tablaU...', Array)
#4 C:\xampp\htdocs\SchafferAugusto_Final\system\CodeIgniter.php(832): App\Controllers\Controlador_User->buscarUsuarios()
#5 C:\xampp\htdocs\SchafferAugusto_Final\system\CodeIgniter.php(419): CodeIgniter\CodeIgniter->runController(Object(App\Controllers\Controlador_User))
#6 C:\xampp\htdocs\SchafferAugusto_Final\system\CodeIgniter.php(326): CodeIgniter\CodeIgniter->handleRequest(NULL, Object(Config\Cache), false)
#7 C:\xampp\htdocs\SchafferAugusto_Final\index.php(37): CodeIgniter\CodeIgniter->run()
#8 {main}
CRITICAL - 2023-02-23 22:04:26 --> Cannot use object of type stdClass as array
#0 C:\xampp\htdocs\SchafferAugusto_Final\system\View\View.php(210): include()
#1 C:\xampp\htdocs\SchafferAugusto_Final\system\View\View.php(213): CodeIgniter\View\View->CodeIgniter\View\{closure}()
#2 C:\xampp\htdocs\SchafferAugusto_Final\system\Common.php(1089): CodeIgniter\View\View->render('Usuarios/tablaU...', Array, true)
#3 C:\xampp\htdocs\SchafferAugusto_Final\app\Controllers\Controlador_User.php(91): view('Usuarios/tablaU...', Array)
#4 C:\xampp\htdocs\SchafferAugusto_Final\system\CodeIgniter.php(832): App\Controllers\Controlador_User->buscarUsuarios()
#5 C:\xampp\htdocs\SchafferAugusto_Final\system\CodeIgniter.php(419): CodeIgniter\CodeIgniter->runController(Object(App\Controllers\Controlador_User))
#6 C:\xampp\htdocs\SchafferAugusto_Final\system\CodeIgniter.php(326): CodeIgniter\CodeIgniter->handleRequest(NULL, Object(Config\Cache), false)
#7 C:\xampp\htdocs\SchafferAugusto_Final\index.php(37): CodeIgniter\CodeIgniter->run()
#8 {main}
CRITICAL - 2023-02-23 22:04:49 --> Cannot use object of type stdClass as array
#0 C:\xampp\htdocs\SchafferAugusto_Final\system\View\View.php(210): include()
#1 C:\xampp\htdocs\SchafferAugusto_Final\system\View\View.php(213): CodeIgniter\View\View->CodeIgniter\View\{closure}()
#2 C:\xampp\htdocs\SchafferAugusto_Final\system\Common.php(1089): CodeIgniter\View\View->render('Usuarios/tablaU...', Array, true)
#3 C:\xampp\htdocs\SchafferAugusto_Final\app\Controllers\Controlador_User.php(91): view('Usuarios/tablaU...', Array)
#4 C:\xampp\htdocs\SchafferAugusto_Final\system\CodeIgniter.php(832): App\Controllers\Controlador_User->buscarUsuarios()
#5 C:\xampp\htdocs\SchafferAugusto_Final\system\CodeIgniter.php(419): CodeIgniter\CodeIgniter->runController(Object(App\Controllers\Controlador_User))
#6 C:\xampp\htdocs\SchafferAugusto_Final\system\CodeIgniter.php(326): CodeIgniter\CodeIgniter->handleRequest(NULL, Object(Config\Cache), false)
#7 C:\xampp\htdocs\SchafferAugusto_Final\index.php(37): CodeIgniter\CodeIgniter->run()
#8 {main}
CRITICAL - 2023-02-23 22:05:19 --> Trying to get property 'us_Name' of non-object
#0 C:\xampp\htdocs\SchafferAugusto_Final\app\Views\Usuarios\tablaUsers.php(72): CodeIgniter\Debug\Exceptions->errorHandler(8, 'Trying to get p...', 'C:\\xampp\\htdocs...', 72, Array)
#1 C:\xampp\htdocs\SchafferAugusto_Final\system\View\View.php(210): include('C:\\xampp\\htdocs...')
#2 C:\xampp\htdocs\SchafferAugusto_Final\system\View\View.php(213): CodeIgniter\View\View->CodeIgniter\View\{closure}()
#3 C:\xampp\htdocs\SchafferAugusto_Final\system\Common.php(1089): CodeIgniter\View\View->render('Usuarios/tablaU...', Array, true)
#4 C:\xampp\htdocs\SchafferAugusto_Final\app\Controllers\Controlador_User.php(66): view('Usuarios/tablaU...', Array)
#5 C:\xampp\htdocs\SchafferAugusto_Final\system\CodeIgniter.php(832): App\Controllers\Controlador_User->listadoUsuarios()
#6 C:\xampp\htdocs\SchafferAugusto_Final\system\CodeIgniter.php(419): CodeIgniter\CodeIgniter->runController(Object(App\Controllers\Controlador_User))
#7 C:\xampp\htdocs\SchafferAugusto_Final\system\CodeIgniter.php(326): CodeIgniter\CodeIgniter->handleRequest(NULL, Object(Config\Cache), false)
#8 C:\xampp\htdocs\SchafferAugusto_Final\index.php(37): CodeIgniter\CodeIgniter->run()
#9 {main}
