CRITICAL - 2022-12-09 08:56:50 --> Invalid file: head.php
#0 C:\xampp\htdocs\SchafferAugusto_Final\system\View\View.php(198): CodeIgniter\Exceptions\FrameworkException::forInvalidFile('head.php')
#1 C:\xampp\htdocs\SchafferAugusto_Final\system\Common.php(1089): CodeIgniter\View\View->render('head', Array, true)
#2 C:\xampp\htdocs\SchafferAugusto_Final\app\Controllers\ListaCatalogo.php(25): view('head')
#3 C:\xampp\htdocs\SchafferAugusto_Final\system\CodeIgniter.php(832): App\Controllers\ListaCatalogo->listarProductos()
#4 C:\xampp\htdocs\SchafferAugusto_Final\system\CodeIgniter.php(419): CodeIgniter\CodeIgniter->runController(Object(App\Controllers\ListaCatalogo))
#5 C:\xampp\htdocs\SchafferAugusto_Final\system\CodeIgniter.php(326): CodeIgniter\CodeIgniter->handleRequest(NULL, Object(Config\Cache), false)
#6 C:\xampp\htdocs\SchafferAugusto_Final\index.php(37): CodeIgniter\CodeIgniter->run()
#7 {main}
CRITICAL - 2022-12-09 08:57:12 --> Invalid file: head.php
#0 C:\xampp\htdocs\SchafferAugusto_Final\system\View\View.php(198): CodeIgniter\Exceptions\FrameworkException::forInvalidFile('head.php')
#1 C:\xampp\htdocs\SchafferAugusto_Final\system\Common.php(1089): CodeIgniter\View\View->render('head', Array, true)
#2 C:\xampp\htdocs\SchafferAugusto_Final\app\Controllers\ListaCatalogo.php(25): view('head')
#3 C:\xampp\htdocs\SchafferAugusto_Final\system\CodeIgniter.php(832): App\Controllers\ListaCatalogo->listarProductos()
#4 C:\xampp\htdocs\SchafferAugusto_Final\system\CodeIgniter.php(419): CodeIgniter\CodeIgniter->runController(Object(App\Controllers\ListaCatalogo))
#5 C:\xampp\htdocs\SchafferAugusto_Final\system\CodeIgniter.php(326): CodeIgniter\CodeIgniter->handleRequest(NULL, Object(Config\Cache), false)
#6 C:\xampp\htdocs\SchafferAugusto_Final\index.php(37): CodeIgniter\CodeIgniter->run()
#7 {main}
CRITICAL - 2022-12-09 08:57:18 --> Invalid file: head.php
#0 C:\xampp\htdocs\SchafferAugusto_Final\system\View\View.php(198): CodeIgniter\Exceptions\FrameworkException::forInvalidFile('head.php')
#1 C:\xampp\htdocs\SchafferAugusto_Final\system\Common.php(1089): CodeIgniter\View\View->render('head', Array, true)
#2 C:\xampp\htdocs\SchafferAugusto_Final\app\Controllers\Controlador_User.php(171): view('head')
#3 C:\xampp\htdocs\SchafferAugusto_Final\system\CodeIgniter.php(832): App\Controllers\Controlador_User->login()
#4 C:\xampp\htdocs\SchafferAugusto_Final\system\CodeIgniter.php(419): CodeIgniter\CodeIgniter->runController(Object(App\Controllers\Controlador_User))
#5 C:\xampp\htdocs\SchafferAugusto_Final\system\CodeIgniter.php(326): CodeIgniter\CodeIgniter->handleRequest(NULL, Object(Config\Cache), false)
#6 C:\xampp\htdocs\SchafferAugusto_Final\index.php(37): CodeIgniter\CodeIgniter->run()
#7 {main}
CRITICAL - 2022-12-09 09:17:11 --> Invalid file: footer.php
#0 C:\xampp\htdocs\SchafferAugusto_Final\system\View\View.php(198): CodeIgniter\Exceptions\FrameworkException::forInvalidFile('footer.php')
#1 C:\xampp\htdocs\SchafferAugusto_Final\system\Common.php(1089): CodeIgniter\View\View->render('footer', Array, true)
#2 C:\xampp\htdocs\SchafferAugusto_Final\app\Controllers\Controlador_User.php(184): view('footer')
#3 C:\xampp\htdocs\SchafferAugusto_Final\system\CodeIgniter.php(832): App\Controllers\Controlador_User->login()
#4 C:\xampp\htdocs\SchafferAugusto_Final\system\CodeIgniter.php(419): CodeIgniter\CodeIgniter->runController(Object(App\Controllers\Controlador_User))
#5 C:\xampp\htdocs\SchafferAugusto_Final\system\CodeIgniter.php(326): CodeIgniter\CodeIgniter->handleRequest(NULL, Object(Config\Cache), false)
#6 C:\xampp\htdocs\SchafferAugusto_Final\index.php(37): CodeIgniter\CodeIgniter->run()
#7 {main}
CRITICAL - 2022-12-09 09:23:03 --> Invalid file: head.php
#0 C:\xampp\htdocs\SchafferAugusto_Final\system\View\View.php(198): CodeIgniter\Exceptions\FrameworkException::forInvalidFile('head.php')
#1 C:\xampp\htdocs\SchafferAugusto_Final\system\Common.php(1089): CodeIgniter\View\View->render('head', Array, true)
#2 C:\xampp\htdocs\SchafferAugusto_Final\app\Controllers\ListaCatalogo.php(25): view('head')
#3 C:\xampp\htdocs\SchafferAugusto_Final\system\CodeIgniter.php(832): App\Controllers\ListaCatalogo->listarProductos()
#4 C:\xampp\htdocs\SchafferAugusto_Final\system\CodeIgniter.php(419): CodeIgniter\CodeIgniter->runController(Object(App\Controllers\ListaCatalogo))
#5 C:\xampp\htdocs\SchafferAugusto_Final\system\CodeIgniter.php(326): CodeIgniter\CodeIgniter->handleRequest(NULL, Object(Config\Cache), false)
#6 C:\xampp\htdocs\SchafferAugusto_Final\index.php(37): CodeIgniter\CodeIgniter->run()
#7 {main}
